<?xml version="1.0" encoding="UTF-8"?>
<!-- Generated by org.testng.reporters.JUnitReportReporter -->
<testsuite skipped="0" hostname="Kiranashree-PC" name="com.actitime.testscripts.TestValidLogin" tests="1" failures="0" timestamp="01 Apr 2018 08:35:28 GMT" time="19.510" errors="0">
  <testcase name="testValidLogin" time="19.510" classname="com.actitime.testscripts.TestValidLogin"/>
</testsuite> <!-- com.actitime.testscripts.TestValidLogin -->
