<?xml version="1.0" encoding="UTF-8"?>
<!-- Generated by org.testng.reporters.JUnitReportReporter -->
<testsuite skipped="0" hostname="Kiranashree-PC" name="com.actitime.testscripts.TestInvalidLogin" tests="1" failures="0" timestamp="01 Apr 2018 08:35:28 GMT" time="18.683" errors="0">
  <testcase name="testInvalidLogin" time="18.683" classname="com.actitime.testscripts.TestInvalidLogin"/>
</testsuite> <!-- com.actitime.testscripts.TestInvalidLogin -->
