<?xml version="1.0" encoding="UTF-8"?>
<!-- Generated by org.testng.reporters.JUnitReportReporter -->
<testsuite skipped="0" hostname="Kiranashree-PC" name="com.actitime.testscripts.TestInvalidLogin" tests="1" failures="0" timestamp="01 Apr 2018 08:11:46 GMT" time="16.726" errors="0">
  <testcase name="testInvalidLogin" time="16.726" classname="com.actitime.testscripts.TestInvalidLogin"/>
</testsuite> <!-- com.actitime.testscripts.TestInvalidLogin -->
