<?xml version="1.0" encoding="UTF-8"?>
<!-- Generated by org.testng.reporters.JUnitReportReporter -->
<testsuite skipped="0" hostname="Kiranashree-PC" name="com.actitime.demo.testscripts.TestValidLogin" tests="1" failures="0" timestamp="01 Apr 2018 08:43:12 GMT" time="17.634" errors="0">
  <testcase name="testValidLogin" time="17.634" classname="com.actitime.demo.testscripts.TestValidLogin"/>
</testsuite> <!-- com.actitime.demo.testscripts.TestValidLogin -->
