<?xml version="1.0" encoding="UTF-8"?>
<!-- Generated by org.testng.reporters.JUnitReportReporter -->
<testsuite skipped="0" hostname="Kiranashree-PC" name="com.actitime.demo.testscripts.TestInvalidLogin" tests="1" failures="0" timestamp="01 Apr 2018 08:43:12 GMT" time="19.174" errors="0">
  <testcase name="testInvalidLogin" time="19.174" classname="com.actitime.demo.testscripts.TestInvalidLogin"/>
</testsuite> <!-- com.actitime.demo.testscripts.TestInvalidLogin -->
