<?xml version="1.0" encoding="UTF-8"?>
<!-- Generated by org.testng.reporters.JUnitReportReporter -->
<testsuite skipped="0" hostname="Kiranashree-PC" name="com.actitime.demo.testscripts.VerifyProductVersion" tests="1" failures="0" timestamp="01 Apr 2018 08:43:12 GMT" time="20.460" errors="0">
  <testcase name="testProductVersion" time="20.460" classname="com.actitime.demo.testscripts.VerifyProductVersion"/>
</testsuite> <!-- com.actitime.demo.testscripts.VerifyProductVersion -->
