<?xml version="1.0" encoding="UTF-8"?>
<!-- Generated by org.testng.reporters.JUnitReportReporter -->
<testsuite skipped="0" hostname="Kiranashree-PC" name="com.actitime.testscripts.VerifyProductVersion" tests="1" failures="0" timestamp="01 Apr 2018 08:11:46 GMT" time="19.597" errors="0">
  <testcase name="testProductVersion" time="19.597" classname="com.actitime.testscripts.VerifyProductVersion"/>
</testsuite> <!-- com.actitime.testscripts.VerifyProductVersion -->
